  [1m[35m (3.2ms)[0m  [1m[34mSELECT sqlite_version(*)[0m
  [1m[35m (3.2ms)[0m  [1m[35mCREATE TABLE "schema_migrations" ("version" varchar NOT NULL PRIMARY KEY)[0m
  [1m[35m (1.8ms)[0m  [1m[35mCREATE TABLE "ar_internal_metadata" ("key" varchar NOT NULL PRIMARY KEY, "value" varchar, "created_at" datetime(6) NOT NULL, "updated_at" datetime(6) NOT NULL)[0m
  [1m[35m (0.1ms)[0m  [1m[34mSELECT "schema_migrations"."version" FROM "schema_migrations" ORDER BY "schema_migrations"."version" ASC[0m
Migrating to CreatePets (20191125170425)
  [1m[35m (0.1ms)[0m  [1m[36mbegin transaction[0m
  [1m[35m (0.6ms)[0m  [1m[35mCREATE TABLE "pets" ("id" integer PRIMARY KEY AUTOINCREMENT NOT NULL, "name" varchar, "noise" varchar)[0m
  [1m[36mprimary::SchemaMigration Create (0.3ms)[0m  [1m[32mINSERT INTO "schema_migrations" ("version") VALUES (?)[0m  [["version", "20191125170425"]]
  [1m[35m (1.6ms)[0m  [1m[36mcommit transaction[0m
  [1m[36mActiveRecord::InternalMetadata Load (0.3ms)[0m  [1m[34mSELECT "ar_internal_metadata".* FROM "ar_internal_metadata" WHERE "ar_internal_metadata"."key" = ? LIMIT ?[0m  [["key", "environment"], ["LIMIT", 1]]
  [1m[35m (0.0ms)[0m  [1m[36mbegin transaction[0m
  [1m[36mActiveRecord::InternalMetadata Create (0.5ms)[0m  [1m[32mINSERT INTO "ar_internal_metadata" ("key", "value", "created_at", "updated_at") VALUES (?, ?, ?, ?)[0m  [["key", "environment"], ["value", "development"], ["created_at", "2019-11-25 17:05:44.642631"], ["updated_at", "2019-11-25 17:05:44.642631"]]
  [1m[35m (0.8ms)[0m  [1m[36mcommit transaction[0m
  [1m[35m (0.0ms)[0m  [1m[34mSELECT sqlite_version(*)[0m
  [1m[35m (0.2ms)[0m  [1m[34mSELECT "schema_migrations"."version" FROM "schema_migrations" ORDER BY "schema_migrations"."version" ASC[0m
  [1m[35m (0.3ms)[0m  [1m[34mSELECT sqlite_version(*)[0m
  [1m[35m (0.1ms)[0m  [1m[34mSELECT "schema_migrations"."version" FROM "schema_migrations" ORDER BY "schema_migrations"."version" ASC[0m
Migrating to CreateOwners (20191125170627)
  [1m[35m (0.0ms)[0m  [1m[36mbegin transaction[0m
  [1m[35m (0.5ms)[0m  [1m[35mCREATE TABLE "owners" ("id" integer PRIMARY KEY AUTOINCREMENT NOT NULL, "name" varchar, "age" integer)[0m
  [1m[36mprimary::SchemaMigration Create (0.3ms)[0m  [1m[32mINSERT INTO "schema_migrations" ("version") VALUES (?)[0m  [["version", "20191125170627"]]
  [1m[35m (1.2ms)[0m  [1m[36mcommit transaction[0m
  [1m[36mActiveRecord::InternalMetadata Load (0.2ms)[0m  [1m[34mSELECT "ar_internal_metadata".* FROM "ar_internal_metadata" WHERE "ar_internal_metadata"."key" = ? LIMIT ?[0m  [["key", "environment"], ["LIMIT", 1]]
  [1m[35m (0.1ms)[0m  [1m[34mSELECT sqlite_version(*)[0m
  [1m[35m (0.1ms)[0m  [1m[34mSELECT "schema_migrations"."version" FROM "schema_migrations" ORDER BY "schema_migrations"."version" ASC[0m
  [1m[35m (0.3ms)[0m  [1m[34mSELECT sqlite_version(*)[0m
  [1m[35m (0.1ms)[0m  [1m[34mSELECT "schema_migrations"."version" FROM "schema_migrations" ORDER BY "schema_migrations"."version" ASC[0m
Migrating to AddOwnerIdToPets (20191125170908)
  [1m[35m (0.1ms)[0m  [1m[36mbegin transaction[0m
  [1m[35m (0.6ms)[0m  [1m[35mALTER TABLE "pets" ADD "owner_id" integer[0m
  [1m[36mprimary::SchemaMigration Create (0.2ms)[0m  [1m[32mINSERT INTO "schema_migrations" ("version") VALUES (?)[0m  [["version", "20191125170908"]]
  [1m[35m (1.4ms)[0m  [1m[36mcommit transaction[0m
  [1m[36mActiveRecord::InternalMetadata Load (0.1ms)[0m  [1m[34mSELECT "ar_internal_metadata".* FROM "ar_internal_metadata" WHERE "ar_internal_metadata"."key" = ? LIMIT ?[0m  [["key", "environment"], ["LIMIT", 1]]
  [1m[35m (0.0ms)[0m  [1m[34mSELECT sqlite_version(*)[0m
  [1m[35m (0.1ms)[0m  [1m[34mSELECT "schema_migrations"."version" FROM "schema_migrations" ORDER BY "schema_migrations"."version" ASC[0m
Started GET "/get-pets" for ::1 at 2019-11-25 11:26:15 -0600
  [1m[35m (1.0ms)[0m  [1m[34mSELECT sqlite_version(*)[0m
  [1m[35m (0.1ms)[0m  [1m[34mSELECT "schema_migrations"."version" FROM "schema_migrations" ORDER BY "schema_migrations"."version" ASC[0m
  
ActionController::RoutingError (No route matches [GET] "/get-pets"):
  
actionpack (6.0.1) lib/action_dispatch/middleware/debug_exceptions.rb:36:in `call'
web-console (4.0.1) lib/web_console/middleware.rb:132:in `call_app'
web-console (4.0.1) lib/web_console/middleware.rb:28:in `block in call'
web-console (4.0.1) lib/web_console/middleware.rb:17:in `catch'
web-console (4.0.1) lib/web_console/middleware.rb:17:in `call'
actionpack (6.0.1) lib/action_dispatch/middleware/show_exceptions.rb:33:in `call'
railties (6.0.1) lib/rails/rack/logger.rb:38:in `call_app'
railties (6.0.1) lib/rails/rack/logger.rb:26:in `block in call'
activesupport (6.0.1) lib/active_support/tagged_logging.rb:80:in `block in tagged'
activesupport (6.0.1) lib/active_support/tagged_logging.rb:28:in `tagged'
activesupport (6.0.1) lib/active_support/tagged_logging.rb:80:in `tagged'
railties (6.0.1) lib/rails/rack/logger.rb:26:in `call'
sprockets-rails (3.2.1) lib/sprockets/rails/quiet_assets.rb:13:in `call'
actionpack (6.0.1) lib/action_dispatch/middleware/remote_ip.rb:81:in `call'
actionpack (6.0.1) lib/action_dispatch/middleware/request_id.rb:27:in `call'
rack (2.0.7) lib/rack/method_override.rb:22:in `call'
rack (2.0.7) lib/rack/runtime.rb:22:in `call'
activesupport (6.0.1) lib/active_support/cache/strategy/local_cache_middleware.rb:29:in `call'
actionpack (6.0.1) lib/action_dispatch/middleware/executor.rb:14:in `call'
actionpack (6.0.1) lib/action_dispatch/middleware/static.rb:126:in `call'
rack (2.0.7) lib/rack/sendfile.rb:111:in `call'
actionpack (6.0.1) lib/action_dispatch/middleware/host_authorization.rb:83:in `call'
railties (6.0.1) lib/rails/engine.rb:526:in `call'
puma (4.3.0) lib/puma/configuration.rb:228:in `call'
puma (4.3.0) lib/puma/server.rb:667:in `handle_request'
puma (4.3.0) lib/puma/server.rb:470:in `process_client'
puma (4.3.0) lib/puma/server.rb:328:in `block in run'
puma (4.3.0) lib/puma/thread_pool.rb:134:in `block in spawn_thread'
Started GET "/get-pets" for ::1 at 2019-11-25 11:26:23 -0600
  [1m[35m (0.1ms)[0m  [1m[34mSELECT sqlite_version(*)[0m
Processing by PetsController#get_pets as HTML
Completed 500 Internal Server Error in 2ms (ActiveRecord: 0.0ms | Allocations: 2342)


  
NameError (uninitialized constant PetsController::Pet
Did you mean?  Set
               Net):
  
app/controllers/pets_controller.rb:5:in `get_pets'
Started GET "/get-pets" for ::1 at 2019-11-25 11:27:04 -0600
  [1m[35m (0.1ms)[0m  [1m[34mSELECT sqlite_version(*)[0m
Processing by PetsController#get_pets as HTML
  [1m[36mPet Load (0.2ms)[0m  [1m[34mSELECT "pets".* FROM "pets" LIMIT ?[0m  [["LIMIT", 11]]
Completed 500 Internal Server Error in 90ms (ActiveRecord: 0.0ms | Allocations: 40771)


  [1m[36mCACHE Pet Load (0.0ms)[0m  [1m[34mSELECT "pets".* FROM "pets" LIMIT ?[0m  [["LIMIT", 11]]
  
NoMethodError (undefined method `erb' for #<PetsController:0x00007f80e7dc25c0>):
  
app/controllers/pets_controller.rb:6:in `get_pets'
Started GET "/get-pets" for ::1 at 2019-11-25 11:27:27 -0600
  [1m[35m (0.1ms)[0m  [1m[34mSELECT sqlite_version(*)[0m
Processing by PetsController#get_pets as HTML
  Rendering pets/all_pets.erb
  [1m[36mPet Load (0.1ms)[0m  [1m[34mSELECT "pets".* FROM "pets"[0m
  ↳ app/views/pets/all_pets.erb:2
  Rendered pets/all_pets.erb (Duration: 2.0ms | Allocations: 1055)
Completed 200 OK in 5ms (Views: 3.5ms | ActiveRecord: 0.5ms | Allocations: 2753)


  [1m[35m (0.3ms)[0m  [1m[34mSELECT sqlite_version(*)[0m
  [1m[35m (0.2ms)[0m  [1m[34mSELECT "schema_migrations"."version" FROM "schema_migrations" ORDER BY "schema_migrations"."version" ASC[0m
  [1m[35m (0.2ms)[0m  [1m[34mSELECT sqlite_version(*)[0m
  [1m[36mPet Load (0.1ms)[0m  [1m[34mSELECT "pets".* FROM "pets"[0m
  [1m[35m (0.3ms)[0m  [1m[34mSELECT sqlite_version(*)[0m
  [1m[35m (0.3ms)[0m  [1m[34mSELECT "schema_migrations"."version" FROM "schema_migrations" ORDER BY "schema_migrations"."version" ASC[0m
  [1m[35m (0.1ms)[0m  [1m[34mSELECT sqlite_version(*)[0m
  [1m[36mPet Load (0.1ms)[0m  [1m[34mSELECT "pets".* FROM "pets"[0m
  [1m[36mOwner Load (0.1ms)[0m  [1m[34mSELECT "owners".* FROM "owners"[0m
  [1m[35m (0.0ms)[0m  [1m[36mbegin transaction[0m
  [1m[36mOwner Create (0.4ms)[0m  [1m[32mINSERT INTO "owners" ("name") VALUES (?)[0m  [["name", "Eli"]]
  [1m[35m (1.4ms)[0m  [1m[36mcommit transaction[0m
  [1m[35m (0.0ms)[0m  [1m[36mbegin transaction[0m
  [1m[36mOwner Create (0.4ms)[0m  [1m[32mINSERT INTO "owners" ("name") VALUES (?)[0m  [["name", "David"]]
  [1m[35m (1.9ms)[0m  [1m[36mcommit transaction[0m
  [1m[35m (0.1ms)[0m  [1m[36mbegin transaction[0m
  [1m[36mOwner Load (0.3ms)[0m  [1m[34mSELECT "owners".* FROM "owners" WHERE "owners"."id" = ? LIMIT ?[0m  [["id", 1], ["LIMIT", 1]]
  [1m[36mPet Create (0.5ms)[0m  [1m[32mINSERT INTO "pets" ("name", "noise", "owner_id") VALUES (?, ?, ?)[0m  [["name", "Sunday"], ["noise", "Arf"], ["owner_id", 1]]
  [1m[35m (1.3ms)[0m  [1m[36mcommit transaction[0m
  [1m[35m (0.0ms)[0m  [1m[36mbegin transaction[0m
  [1m[36mPet Create (0.3ms)[0m  [1m[32mINSERT INTO "pets" ("name", "noise", "owner_id") VALUES (?, ?, ?)[0m  [["name", "Sunday"], ["noise", "Arf"], ["owner_id", 1]]
  [1m[35m (1.2ms)[0m  [1m[36mcommit transaction[0m
Started GET "/get-pets" for ::1 at 2019-11-25 11:29:32 -0600
  [1m[35m (0.1ms)[0m  [1m[34mSELECT sqlite_version(*)[0m
Processing by PetsController#get_pets as HTML
  Rendering pets/all_pets.erb
  [1m[36mPet Load (0.2ms)[0m  [1m[34mSELECT "pets".* FROM "pets"[0m
  ↳ app/views/pets/all_pets.erb:2
  Rendered pets/all_pets.erb (Duration: 6.1ms | Allocations: 3395)
Completed 200 OK in 12ms (Views: 5.8ms | ActiveRecord: 1.0ms | Allocations: 4842)


  [1m[35m (0.5ms)[0m  [1m[34mSELECT sqlite_version(*)[0m
  [1m[35m (0.2ms)[0m  [1m[34mSELECT "schema_migrations"."version" FROM "schema_migrations" ORDER BY "schema_migrations"."version" ASC[0m
  [1m[35m (0.0ms)[0m  [1m[34mSELECT sqlite_version(*)[0m
  [1m[36mPet Load (0.1ms)[0m  [1m[34mSELECT "pets".* FROM "pets"[0m
  [1m[35m (0.0ms)[0m  [1m[36mbegin transaction[0m
  [1m[36mPet Destroy (0.4ms)[0m  [1m[31mDELETE FROM "pets" WHERE "pets"."id" = ?[0m  [["id", 1]]
  [1m[35m (1.0ms)[0m  [1m[36mcommit transaction[0m
  [1m[35m (0.1ms)[0m  [1m[36mbegin transaction[0m
  [1m[36mPet Destroy (0.3ms)[0m  [1m[31mDELETE FROM "pets" WHERE "pets"."id" = ?[0m  [["id", 2]]
  [1m[35m (0.7ms)[0m  [1m[36mcommit transaction[0m
  [1m[36mOwner Load (0.2ms)[0m  [1m[34mSELECT "owners".* FROM "owners"[0m
  [1m[35m (0.0ms)[0m  [1m[36mbegin transaction[0m
  [1m[36mOwner Destroy (0.3ms)[0m  [1m[31mDELETE FROM "owners" WHERE "owners"."id" = ?[0m  [["id", 1]]
  [1m[35m (0.7ms)[0m  [1m[36mcommit transaction[0m
  [1m[35m (0.0ms)[0m  [1m[36mbegin transaction[0m
  [1m[36mOwner Destroy (0.6ms)[0m  [1m[31mDELETE FROM "owners" WHERE "owners"."id" = ?[0m  [["id", 2]]
  [1m[35m (1.1ms)[0m  [1m[36mcommit transaction[0m
  [1m[35m (0.1ms)[0m  [1m[36mbegin transaction[0m
  [1m[36mOwner Create (0.5ms)[0m  [1m[32mINSERT INTO "owners" ("name") VALUES (?)[0m  [["name", "Eli"]]
  [1m[35m (1.3ms)[0m  [1m[36mcommit transaction[0m
  [1m[35m (0.0ms)[0m  [1m[36mbegin transaction[0m
  [1m[36mOwner Create (0.3ms)[0m  [1m[32mINSERT INTO "owners" ("name") VALUES (?)[0m  [["name", "David"]]
  [1m[35m (1.0ms)[0m  [1m[36mcommit transaction[0m
  [1m[35m (0.0ms)[0m  [1m[36mbegin transaction[0m
  [1m[36mOwner Load (0.1ms)[0m  [1m[34mSELECT "owners".* FROM "owners" WHERE "owners"."id" = ? LIMIT ?[0m  [["id", 3], ["LIMIT", 1]]
  [1m[36mPet Create (0.3ms)[0m  [1m[32mINSERT INTO "pets" ("name", "noise", "owner_id") VALUES (?, ?, ?)[0m  [["name", "Sunday"], ["noise", "Arf"], ["owner_id", 3]]
  [1m[35m (1.2ms)[0m  [1m[36mcommit transaction[0m
Started GET "/get-pets" for ::1 at 2019-11-25 11:29:57 -0600
Processing by PetsController#get_pets as HTML
  Rendering pets/all_pets.erb
  [1m[36mPet Load (0.2ms)[0m  [1m[34mSELECT "pets".* FROM "pets"[0m
  ↳ app/views/pets/all_pets.erb:2
  Rendered pets/all_pets.erb (Duration: 1.2ms | Allocations: 564)
Completed 200 OK in 2ms (Views: 1.7ms | ActiveRecord: 0.2ms | Allocations: 819)


  [1m[35m (0.3ms)[0m  [1m[34mSELECT sqlite_version(*)[0m
  [1m[36mPet Load (0.2ms)[0m  [1m[34mSELECT "pets".* FROM "pets" LIMIT ?[0m  [["LIMIT", 11]]
Started GET "/get-pet/3" for ::1 at 2019-11-25 11:42:02 -0600
  [1m[35m (0.1ms)[0m  [1m[34mSELECT sqlite_version(*)[0m
Processing by PetsController#get_pet_by_id as HTML
  Parameters: {"id"=>"3"}
  [1m[36mPet Load (0.3ms)[0m  [1m[34mSELECT "pets".* FROM "pets" WHERE "pets"."id" = ? LIMIT ?[0m  [["id", 3], ["LIMIT", 1]]
  ↳ app/controllers/pets_controller.rb:11:in `get_pet_by_id'
Completed 500 Internal Server Error in 25ms (ActiveRecord: 0.3ms | Allocations: 4951)


  
ActionView::MissingTemplate (Missing template pets/pet with {:locale=>[:en], :formats=>[:html], :variants=>[], :handlers=>[:raw, :erb, :html, :builder, :ruby, :jbuilder]}. Searched in:
  * "/Users/joshua.miles/Documents/My-Cohorts/houston-web-102819/Lecture-Code/20-rails/rails-app/app/views"
  * "/Users/joshua.miles/.rvm/gems/ruby-2.6.1/gems/actiontext-6.0.1/app/views"
  * "/Users/joshua.miles/.rvm/gems/ruby-2.6.1/gems/actionmailbox-6.0.1/app/views"
):
  
app/controllers/pets_controller.rb:12:in `get_pet_by_id'
Started GET "/get-pet/3" for ::1 at 2019-11-25 11:42:45 -0600
Processing by PetsController#get_pet_by_id as HTML
  Parameters: {"id"=>"3"}
  [1m[36mPet Load (0.4ms)[0m  [1m[34mSELECT "pets".* FROM "pets" WHERE "pets"."id" = ? LIMIT ?[0m  [["id", 3], ["LIMIT", 1]]
  ↳ app/controllers/pets_controller.rb:11:in `get_pet_by_id'
  Rendering pets/pet.erb
  [1m[36mOwner Load (0.2ms)[0m  [1m[34mSELECT "owners".* FROM "owners" WHERE "owners"."id" = ? LIMIT ?[0m  [["id", 3], ["LIMIT", 1]]
  ↳ app/views/pets/pet.erb:3
  [1m[36mOwner Load (0.2ms)[0m  [1m[34mSELECT "owners".* FROM "owners"[0m
  ↳ app/views/pets/pet.erb:17
  Rendered pets/pet.erb (Duration: 20.5ms | Allocations: 8354)
Completed 200 OK in 25ms (Views: 22.0ms | ActiveRecord: 1.4ms | Allocations: 9986)


Started PATCH "/update-pet/3" for ::1 at 2019-11-25 11:44:00 -0600
  [1m[35m (0.1ms)[0m  [1m[34mSELECT sqlite_version(*)[0m
Processing by PetsController#update as HTML
  Parameters: {"name"=>"Sunday", "noise"=>"Arf!", "owner_id"=>"3", "id"=>"3"}
Can't verify CSRF token authenticity.
Completed 422 Unprocessable Entity in 1ms (ActiveRecord: 0.0ms | Allocations: 422)


  
ActionController::InvalidAuthenticityToken (ActionController::InvalidAuthenticityToken):
  
actionpack (6.0.1) lib/action_controller/metal/request_forgery_protection.rb:217:in `handle_unverified_request'
actionpack (6.0.1) lib/action_controller/metal/request_forgery_protection.rb:249:in `handle_unverified_request'
actionpack (6.0.1) lib/action_controller/metal/request_forgery_protection.rb:244:in `verify_authenticity_token'
activesupport (6.0.1) lib/active_support/callbacks.rb:429:in `block in make_lambda'
activesupport (6.0.1) lib/active_support/callbacks.rb:201:in `block (2 levels) in halting'
actionpack (6.0.1) lib/abstract_controller/callbacks.rb:34:in `block (2 levels) in <module:Callbacks>'
activesupport (6.0.1) lib/active_support/callbacks.rb:202:in `block in halting'
activesupport (6.0.1) lib/active_support/callbacks.rb:514:in `block in invoke_before'
activesupport (6.0.1) lib/active_support/callbacks.rb:514:in `each'
activesupport (6.0.1) lib/active_support/callbacks.rb:514:in `invoke_before'
activesupport (6.0.1) lib/active_support/callbacks.rb:134:in `run_callbacks'
actionpack (6.0.1) lib/abstract_controller/callbacks.rb:41:in `process_action'
actionpack (6.0.1) lib/action_controller/metal/rescue.rb:22:in `process_action'
actionpack (6.0.1) lib/action_controller/metal/instrumentation.rb:33:in `block in process_action'
activesupport (6.0.1) lib/active_support/notifications.rb:180:in `block in instrument'
activesupport (6.0.1) lib/active_support/notifications/instrumenter.rb:24:in `instrument'
activesupport (6.0.1) lib/active_support/notifications.rb:180:in `instrument'
actionpack (6.0.1) lib/action_controller/metal/instrumentation.rb:32:in `process_action'
actionpack (6.0.1) lib/action_controller/metal/params_wrapper.rb:245:in `process_action'
activerecord (6.0.1) lib/active_record/railties/controller_runtime.rb:27:in `process_action'
actionpack (6.0.1) lib/abstract_controller/base.rb:136:in `process'
actionview (6.0.1) lib/action_view/rendering.rb:39:in `process'
actionpack (6.0.1) lib/action_controller/metal.rb:191:in `dispatch'
actionpack (6.0.1) lib/action_controller/metal.rb:252:in `dispatch'
actionpack (6.0.1) lib/action_dispatch/routing/route_set.rb:51:in `dispatch'
actionpack (6.0.1) lib/action_dispatch/routing/route_set.rb:33:in `serve'
actionpack (6.0.1) lib/action_dispatch/journey/router.rb:49:in `block in serve'
actionpack (6.0.1) lib/action_dispatch/journey/router.rb:32:in `each'
actionpack (6.0.1) lib/action_dispatch/journey/router.rb:32:in `serve'
actionpack (6.0.1) lib/action_dispatch/routing/route_set.rb:837:in `call'
rack (2.0.7) lib/rack/tempfile_reaper.rb:15:in `call'
rack (2.0.7) lib/rack/etag.rb:25:in `call'
rack (2.0.7) lib/rack/conditional_get.rb:38:in `call'
rack (2.0.7) lib/rack/head.rb:12:in `call'
actionpack (6.0.1) lib/action_dispatch/http/content_security_policy.rb:18:in `call'
rack (2.0.7) lib/rack/session/abstract/id.rb:232:in `context'
rack (2.0.7) lib/rack/session/abstract/id.rb:226:in `call'
actionpack (6.0.1) lib/action_dispatch/middleware/cookies.rb:648:in `call'
activerecord (6.0.1) lib/active_record/migration.rb:567:in `call'
actionpack (6.0.1) lib/action_dispatch/middleware/callbacks.rb:27:in `block in call'
activesupport (6.0.1) lib/active_support/callbacks.rb:101:in `run_callbacks'
actionpack (6.0.1) lib/action_dispatch/middleware/callbacks.rb:26:in `call'
actionpack (6.0.1) lib/action_dispatch/middleware/executor.rb:14:in `call'
actionpack (6.0.1) lib/action_dispatch/middleware/actionable_exceptions.rb:17:in `call'
actionpack (6.0.1) lib/action_dispatch/middleware/debug_exceptions.rb:32:in `call'
web-console (4.0.1) lib/web_console/middleware.rb:132:in `call_app'
web-console (4.0.1) lib/web_console/middleware.rb:28:in `block in call'
web-console (4.0.1) lib/web_console/middleware.rb:17:in `catch'
web-console (4.0.1) lib/web_console/middleware.rb:17:in `call'
actionpack (6.0.1) lib/action_dispatch/middleware/show_exceptions.rb:33:in `call'
railties (6.0.1) lib/rails/rack/logger.rb:38:in `call_app'
railties (6.0.1) lib/rails/rack/logger.rb:26:in `block in call'
activesupport (6.0.1) lib/active_support/tagged_logging.rb:80:in `block in tagged'
activesupport (6.0.1) lib/active_support/tagged_logging.rb:28:in `tagged'
activesupport (6.0.1) lib/active_support/tagged_logging.rb:80:in `tagged'
railties (6.0.1) lib/rails/rack/logger.rb:26:in `call'
sprockets-rails (3.2.1) lib/sprockets/rails/quiet_assets.rb:13:in `call'
actionpack (6.0.1) lib/action_dispatch/middleware/remote_ip.rb:81:in `call'
actionpack (6.0.1) lib/action_dispatch/middleware/request_id.rb:27:in `call'
rack (2.0.7) lib/rack/method_override.rb:22:in `call'
rack (2.0.7) lib/rack/runtime.rb:22:in `call'
activesupport (6.0.1) lib/active_support/cache/strategy/local_cache_middleware.rb:29:in `call'
actionpack (6.0.1) lib/action_dispatch/middleware/executor.rb:14:in `call'
actionpack (6.0.1) lib/action_dispatch/middleware/static.rb:126:in `call'
rack (2.0.7) lib/rack/sendfile.rb:111:in `call'
actionpack (6.0.1) lib/action_dispatch/middleware/host_authorization.rb:83:in `call'
railties (6.0.1) lib/rails/engine.rb:526:in `call'
puma (4.3.0) lib/puma/configuration.rb:228:in `call'
puma (4.3.0) lib/puma/server.rb:667:in `handle_request'
puma (4.3.0) lib/puma/server.rb:470:in `process_client'
puma (4.3.0) lib/puma/server.rb:328:in `block in run'
puma (4.3.0) lib/puma/thread_pool.rb:134:in `block in spawn_thread'
Started PATCH "/update-pet/3" for ::1 at 2019-11-25 11:44:29 -0600
  [1m[35m (0.1ms)[0m  [1m[34mSELECT sqlite_version(*)[0m
Processing by PetsController#update as HTML
  Parameters: {"name"=>"Sunday", "noise"=>"Arf!", "owner_id"=>"3", "id"=>"3"}
  [1m[36mPet Load (0.3ms)[0m  [1m[34mSELECT "pets".* FROM "pets" WHERE "pets"."id" = ? LIMIT ?[0m  [["id", 3], ["LIMIT", 1]]
  ↳ app/controllers/pets_controller.rb:18:in `update'
  [1m[35m (0.1ms)[0m  [1m[36mbegin transaction[0m
  ↳ app/controllers/pets_controller.rb:19:in `update'
  [1m[36mOwner Load (0.1ms)[0m  [1m[34mSELECT "owners".* FROM "owners" WHERE "owners"."id" = ? LIMIT ?[0m  [["id", 3], ["LIMIT", 1]]
  ↳ app/controllers/pets_controller.rb:19:in `update'
  [1m[36mPet Update (0.4ms)[0m  [1m[33mUPDATE "pets" SET "noise" = ? WHERE "pets"."id" = ?[0m  [["noise", "Arf!"], ["id", 3]]
  ↳ app/controllers/pets_controller.rb:19:in `update'
  [1m[35m (1.4ms)[0m  [1m[36mcommit transaction[0m
  ↳ app/controllers/pets_controller.rb:19:in `update'
  Rendering pets/pet.erb
  [1m[36mOwner Load (0.2ms)[0m  [1m[34mSELECT "owners".* FROM "owners"[0m
  ↳ app/views/pets/pet.erb:17
  Rendered pets/pet.erb (Duration: 1.1ms | Allocations: 614)
Completed 200 OK in 24ms (Views: 1.7ms | ActiveRecord: 3.9ms | Allocations: 11613)


Started PATCH "/update-pet/3" for ::1 at 2019-11-25 11:44:35 -0600
Processing by PetsController#update as HTML
  Parameters: {"name"=>"Sunday", "noise"=>"Arf", "owner_id"=>"3", "id"=>"3"}
  [1m[36mPet Load (0.1ms)[0m  [1m[34mSELECT "pets".* FROM "pets" WHERE "pets"."id" = ? LIMIT ?[0m  [["id", 3], ["LIMIT", 1]]
  ↳ app/controllers/pets_controller.rb:18:in `update'
  [1m[35m (0.1ms)[0m  [1m[36mbegin transaction[0m
  ↳ app/controllers/pets_controller.rb:19:in `update'
  [1m[36mOwner Load (0.1ms)[0m  [1m[34mSELECT "owners".* FROM "owners" WHERE "owners"."id" = ? LIMIT ?[0m  [["id", 3], ["LIMIT", 1]]
  ↳ app/controllers/pets_controller.rb:19:in `update'
  [1m[36mPet Update (1.0ms)[0m  [1m[33mUPDATE "pets" SET "noise" = ? WHERE "pets"."id" = ?[0m  [["noise", "Arf"], ["id", 3]]
  ↳ app/controllers/pets_controller.rb:19:in `update'
  [1m[35m (1.5ms)[0m  [1m[36mcommit transaction[0m
  ↳ app/controllers/pets_controller.rb:19:in `update'
  Rendering pets/pet.erb
  [1m[36mOwner Load (0.6ms)[0m  [1m[34mSELECT "owners".* FROM "owners"[0m
  ↳ app/views/pets/pet.erb:17
  Rendered pets/pet.erb (Duration: 8.6ms | Allocations: 598)
Completed 200 OK in 21ms (Views: 10.0ms | ActiveRecord: 3.5ms | Allocations: 4546)


Started PATCH "/update-pet/3" for ::1 at 2019-11-25 11:48:57 -0600
  [1m[35m (0.1ms)[0m  [1m[34mSELECT sqlite_version(*)[0m
Processing by PetsController#update as HTML
  Parameters: {"name"=>"Sunday", "noise"=>"Arf!", "owner_id"=>"3", "id"=>"3"}
  [1m[36mPet Load (0.4ms)[0m  [1m[34mSELECT "pets".* FROM "pets" WHERE "pets"."id" = ? LIMIT ?[0m  [["id", 3], ["LIMIT", 1]]
  ↳ app/controllers/pets_controller.rb:18:in `update'
Completed 500 Internal Server Error in 10ms (ActiveRecord: 1.1ms | Allocations: 4400)


  
ActiveModel::ForbiddenAttributesError (ActiveModel::ForbiddenAttributesError):
  
app/controllers/pets_controller.rb:19:in `update'
Started PATCH "/update-pet/3" for ::1 at 2019-11-25 11:51:01 -0600
Processing by PetsController#update as HTML
  Parameters: {"name"=>"Sunday", "noise"=>"Arf!", "owner_id"=>"3", "id"=>"3"}
  [1m[36mPet Load (0.2ms)[0m  [1m[34mSELECT "pets".* FROM "pets" WHERE "pets"."id" = ? LIMIT ?[0m  [["id", 3], ["LIMIT", 1]]
  ↳ app/controllers/pets_controller.rb:18:in `update'
Completed 500 Internal Server Error in 1ms (ActiveRecord: 0.2ms | Allocations: 974)


  
ActiveModel::ForbiddenAttributesError (ActiveModel::ForbiddenAttributesError):
  
app/controllers/pets_controller.rb:19:in `update'
Started PATCH "/update-pet/3" for ::1 at 2019-11-25 11:51:17 -0600
  [1m[35m (0.6ms)[0m  [1m[34mSELECT sqlite_version(*)[0m
  [1m[35m (0.2ms)[0m  [1m[34mSELECT "schema_migrations"."version" FROM "schema_migrations" ORDER BY "schema_migrations"."version" ASC[0m
Processing by PetsController#update as HTML
  Parameters: {"name"=>"Sunday", "noise"=>"Arf", "owner_id"=>"3", "id"=>"3"}
  [1m[36mPet Load (0.3ms)[0m  [1m[34mSELECT "pets".* FROM "pets" WHERE "pets"."id" = ? LIMIT ?[0m  [["id", 3], ["LIMIT", 1]]
  ↳ app/controllers/pets_controller.rb:18:in `update'
Completed 500 Internal Server Error in 13ms (ActiveRecord: 2.2ms | Allocations: 4987)


  
ActiveModel::UnknownAttributeError (unknown attribute '_method' for Pet.):
  
app/controllers/pets_controller.rb:19:in `update'
Started PATCH "/update-pet/3" for ::1 at 2019-11-25 11:51:48 -0600
  [1m[35m (0.1ms)[0m  [1m[34mSELECT sqlite_version(*)[0m
  
ActionController::RoutingError (No route matches [PATCH] "/update-pet/3"):
  
actionpack (6.0.1) lib/action_dispatch/middleware/debug_exceptions.rb:36:in `call'
web-console (4.0.1) lib/web_console/middleware.rb:132:in `call_app'
web-console (4.0.1) lib/web_console/middleware.rb:28:in `block in call'
web-console (4.0.1) lib/web_console/middleware.rb:17:in `catch'
web-console (4.0.1) lib/web_console/middleware.rb:17:in `call'
actionpack (6.0.1) lib/action_dispatch/middleware/show_exceptions.rb:33:in `call'
railties (6.0.1) lib/rails/rack/logger.rb:38:in `call_app'
railties (6.0.1) lib/rails/rack/logger.rb:26:in `block in call'
activesupport (6.0.1) lib/active_support/tagged_logging.rb:80:in `block in tagged'
activesupport (6.0.1) lib/active_support/tagged_logging.rb:28:in `tagged'
activesupport (6.0.1) lib/active_support/tagged_logging.rb:80:in `tagged'
railties (6.0.1) lib/rails/rack/logger.rb:26:in `call'
sprockets-rails (3.2.1) lib/sprockets/rails/quiet_assets.rb:13:in `call'
actionpack (6.0.1) lib/action_dispatch/middleware/remote_ip.rb:81:in `call'
actionpack (6.0.1) lib/action_dispatch/middleware/request_id.rb:27:in `call'
rack (2.0.7) lib/rack/method_override.rb:22:in `call'
rack (2.0.7) lib/rack/runtime.rb:22:in `call'
activesupport (6.0.1) lib/active_support/cache/strategy/local_cache_middleware.rb:29:in `call'
actionpack (6.0.1) lib/action_dispatch/middleware/executor.rb:14:in `call'
actionpack (6.0.1) lib/action_dispatch/middleware/static.rb:126:in `call'
rack (2.0.7) lib/rack/sendfile.rb:111:in `call'
actionpack (6.0.1) lib/action_dispatch/middleware/host_authorization.rb:83:in `call'
railties (6.0.1) lib/rails/engine.rb:526:in `call'
puma (4.3.0) lib/puma/configuration.rb:228:in `call'
puma (4.3.0) lib/puma/server.rb:667:in `handle_request'
puma (4.3.0) lib/puma/server.rb:470:in `process_client'
puma (4.3.0) lib/puma/server.rb:328:in `block in run'
puma (4.3.0) lib/puma/thread_pool.rb:134:in `block in spawn_thread'
Started GET "/update-pet/3" for ::1 at 2019-11-25 11:51:58 -0600
  
ActionController::RoutingError (No route matches [GET] "/update-pet/3"):
  
actionpack (6.0.1) lib/action_dispatch/middleware/debug_exceptions.rb:36:in `call'
web-console (4.0.1) lib/web_console/middleware.rb:132:in `call_app'
web-console (4.0.1) lib/web_console/middleware.rb:28:in `block in call'
web-console (4.0.1) lib/web_console/middleware.rb:17:in `catch'
web-console (4.0.1) lib/web_console/middleware.rb:17:in `call'
actionpack (6.0.1) lib/action_dispatch/middleware/show_exceptions.rb:33:in `call'
railties (6.0.1) lib/rails/rack/logger.rb:38:in `call_app'
railties (6.0.1) lib/rails/rack/logger.rb:26:in `block in call'
activesupport (6.0.1) lib/active_support/tagged_logging.rb:80:in `block in tagged'
activesupport (6.0.1) lib/active_support/tagged_logging.rb:28:in `tagged'
activesupport (6.0.1) lib/active_support/tagged_logging.rb:80:in `tagged'
railties (6.0.1) lib/rails/rack/logger.rb:26:in `call'
sprockets-rails (3.2.1) lib/sprockets/rails/quiet_assets.rb:13:in `call'
actionpack (6.0.1) lib/action_dispatch/middleware/remote_ip.rb:81:in `call'
actionpack (6.0.1) lib/action_dispatch/middleware/request_id.rb:27:in `call'
rack (2.0.7) lib/rack/method_override.rb:22:in `call'
rack (2.0.7) lib/rack/runtime.rb:22:in `call'
activesupport (6.0.1) lib/active_support/cache/strategy/local_cache_middleware.rb:29:in `call'
actionpack (6.0.1) lib/action_dispatch/middleware/executor.rb:14:in `call'
actionpack (6.0.1) lib/action_dispatch/middleware/static.rb:126:in `call'
rack (2.0.7) lib/rack/sendfile.rb:111:in `call'
actionpack (6.0.1) lib/action_dispatch/middleware/host_authorization.rb:83:in `call'
railties (6.0.1) lib/rails/engine.rb:526:in `call'
puma (4.3.0) lib/puma/configuration.rb:228:in `call'
puma (4.3.0) lib/puma/server.rb:667:in `handle_request'
puma (4.3.0) lib/puma/server.rb:470:in `process_client'
puma (4.3.0) lib/puma/server.rb:328:in `block in run'
puma (4.3.0) lib/puma/thread_pool.rb:134:in `block in spawn_thread'
Started GET "/get-pet/3" for ::1 at 2019-11-25 11:52:01 -0600
Processing by PetsController#get_pet_by_id as HTML
  Parameters: {"id"=>"3"}
  [1m[36mPet Load (0.9ms)[0m  [1m[34mSELECT "pets".* FROM "pets" WHERE "pets"."id" = ? LIMIT ?[0m  [["id", 3], ["LIMIT", 1]]
  ↳ app/controllers/pets_controller.rb:12:in `get_pet_by_id'
  Rendering pets/pet.erb
  [1m[36mOwner Load (0.2ms)[0m  [1m[34mSELECT "owners".* FROM "owners" WHERE "owners"."id" = ? LIMIT ?[0m  [["id", 3], ["LIMIT", 1]]
  ↳ app/views/pets/pet.erb:3
  [1m[36mOwner Load (0.2ms)[0m  [1m[34mSELECT "owners".* FROM "owners"[0m
  ↳ app/views/pets/pet.erb:16
  Rendered pets/pet.erb (Duration: 30.1ms | Allocations: 6162)
Completed 200 OK in 50ms (Views: 33.1ms | ActiveRecord: 2.9ms | Allocations: 11107)


Started POST "/update-pet/3" for ::1 at 2019-11-25 11:52:04 -0600
Processing by PetsController#update as HTML
  Parameters: {"name"=>"Sunday!", "noise"=>"Arf", "owner_id"=>"3", "id"=>"3"}
  [1m[36mPet Load (0.2ms)[0m  [1m[34mSELECT "pets".* FROM "pets" WHERE "pets"."id" = ? LIMIT ?[0m  [["id", 3], ["LIMIT", 1]]
  ↳ app/controllers/pets_controller.rb:18:in `update'
Completed 500 Internal Server Error in 2ms (ActiveRecord: 0.2ms | Allocations: 1090)


  
ActiveModel::UnknownAttributeError (unknown attribute 'controller' for Pet.):
  
app/controllers/pets_controller.rb:19:in `update'
Started GET "/get-pet/3" for ::1 at 2019-11-25 11:52:48 -0600
  [1m[35m (0.1ms)[0m  [1m[34mSELECT sqlite_version(*)[0m
Processing by PetsController#get_pet_by_id as HTML
  Parameters: {"id"=>"3"}
  [1m[36mPet Load (0.1ms)[0m  [1m[34mSELECT "pets".* FROM "pets" WHERE "pets"."id" = ? LIMIT ?[0m  [["id", 3], ["LIMIT", 1]]
  ↳ app/controllers/pets_controller.rb:12:in `get_pet_by_id'
  Rendering pets/pet.erb
  [1m[36mOwner Load (0.1ms)[0m  [1m[34mSELECT "owners".* FROM "owners" WHERE "owners"."id" = ? LIMIT ?[0m  [["id", 3], ["LIMIT", 1]]
  ↳ app/views/pets/pet.erb:3
  [1m[36mOwner Load (0.1ms)[0m  [1m[34mSELECT "owners".* FROM "owners"[0m
  ↳ app/views/pets/pet.erb:16
  Rendered pets/pet.erb (Duration: 6.4ms | Allocations: 4681)
Completed 200 OK in 16ms (Views: 8.3ms | ActiveRecord: 1.3ms | Allocations: 9774)


Started GET "/get-pet/3" for ::1 at 2019-11-25 11:52:49 -0600
Processing by PetsController#get_pet_by_id as HTML
  Parameters: {"id"=>"3"}
  [1m[36mPet Load (0.2ms)[0m  [1m[34mSELECT "pets".* FROM "pets" WHERE "pets"."id" = ? LIMIT ?[0m  [["id", 3], ["LIMIT", 1]]
  ↳ app/controllers/pets_controller.rb:12:in `get_pet_by_id'
  Rendering pets/pet.erb
  [1m[36mOwner Load (0.2ms)[0m  [1m[34mSELECT "owners".* FROM "owners" WHERE "owners"."id" = ? LIMIT ?[0m  [["id", 3], ["LIMIT", 1]]
  ↳ app/views/pets/pet.erb:3
  [1m[36mOwner Load (0.1ms)[0m  [1m[34mSELECT "owners".* FROM "owners"[0m
  ↳ app/views/pets/pet.erb:16
  Rendered pets/pet.erb (Duration: 2.2ms | Allocations: 1267)
Completed 200 OK in 4ms (Views: 2.5ms | ActiveRecord: 0.4ms | Allocations: 2017)


Started POST "/update-pet/3" for ::1 at 2019-11-25 11:52:52 -0600
Processing by PetsController#update as HTML
  Parameters: {"pet"=>{"name"=>"Sunday!", "noise"=>"Arf", "owner_id"=>"3"}, "id"=>"3"}
  [1m[36mPet Load (0.4ms)[0m  [1m[34mSELECT "pets".* FROM "pets" WHERE "pets"."id" = ? LIMIT ?[0m  [["id", 3], ["LIMIT", 1]]
  ↳ app/controllers/pets_controller.rb:18:in `update'
  [1m[35m (0.1ms)[0m  [1m[36mbegin transaction[0m
  ↳ app/controllers/pets_controller.rb:19:in `update'
  [1m[36mOwner Load (0.8ms)[0m  [1m[34mSELECT "owners".* FROM "owners" WHERE "owners"."id" = ? LIMIT ?[0m  [["id", 3], ["LIMIT", 1]]
  ↳ app/controllers/pets_controller.rb:19:in `update'
  [1m[36mPet Update (0.7ms)[0m  [1m[33mUPDATE "pets" SET "name" = ? WHERE "pets"."id" = ?[0m  [["name", "Sunday!"], ["id", 3]]
  ↳ app/controllers/pets_controller.rb:19:in `update'
  [1m[35m (1.1ms)[0m  [1m[36mcommit transaction[0m
  ↳ app/controllers/pets_controller.rb:19:in `update'
  Rendering pets/pet.erb
  [1m[36mOwner Load (0.2ms)[0m  [1m[34mSELECT "owners".* FROM "owners"[0m
  ↳ app/views/pets/pet.erb:16
  Rendered pets/pet.erb (Duration: 1.9ms | Allocations: 600)
Completed 200 OK in 15ms (Views: 2.7ms | ActiveRecord: 3.2ms | Allocations: 4759)


Started POST "/update-pet/3" for ::1 at 2019-11-25 11:56:17 -0600
  [1m[35m (0.1ms)[0m  [1m[34mSELECT sqlite_version(*)[0m
Processing by PetsController#update as */*
  Parameters: {"pet"=>{"id"=>"100"}, "id"=>"3"}
  [1m[36mPet Load (0.1ms)[0m  [1m[34mSELECT "pets".* FROM "pets" WHERE "pets"."id" = ? LIMIT ?[0m  [["id", 3], ["LIMIT", 1]]
  ↳ app/controllers/pets_controller.rb:18:in `update'
  [1m[35m (0.1ms)[0m  [1m[36mbegin transaction[0m
  ↳ app/controllers/pets_controller.rb:19:in `update'
  [1m[36mOwner Load (0.1ms)[0m  [1m[34mSELECT "owners".* FROM "owners" WHERE "owners"."id" = ? LIMIT ?[0m  [["id", 3], ["LIMIT", 1]]
  ↳ app/controllers/pets_controller.rb:19:in `update'
  [1m[36mPet Update (0.6ms)[0m  [1m[33mUPDATE "pets" SET "id" = ? WHERE "pets"."id" = ?[0m  [["id", 100], ["id", 3]]
  ↳ app/controllers/pets_controller.rb:19:in `update'
  [1m[35m (1.4ms)[0m  [1m[36mcommit transaction[0m
  ↳ app/controllers/pets_controller.rb:19:in `update'
  Rendering pets/pet.erb
  [1m[36mOwner Load (0.2ms)[0m  [1m[34mSELECT "owners".* FROM "owners"[0m
  ↳ app/views/pets/pet.erb:16
  Rendered pets/pet.erb (Duration: 1.4ms | Allocations: 612)
Completed 200 OK in 21ms (Views: 2.6ms | ActiveRecord: 3.3ms | Allocations: 11628)


Started GET "/get-pet/3" for ::1 at 2019-11-25 11:56:33 -0600
Processing by PetsController#get_pet_by_id as HTML
  Parameters: {"id"=>"3"}
  [1m[36mPet Load (0.1ms)[0m  [1m[34mSELECT "pets".* FROM "pets" WHERE "pets"."id" = ? LIMIT ?[0m  [["id", 3], ["LIMIT", 1]]
  ↳ app/controllers/pets_controller.rb:12:in `get_pet_by_id'
  Rendering pets/pet.erb
  Rendered pets/pet.erb (Duration: 1.4ms | Allocations: 1222)
Completed 500 Internal Server Error in 3ms (ActiveRecord: 0.1ms | Allocations: 1939)


  
ActionView::Template::Error (undefined method `name' for nil:NilClass):
    1: <h1><%= @pet.name %></h1>
    2: <h4><%= @pet.noise %> </h4>
    3: <h4><%= @pet.owner.name %></h4>
    4: <form method="post" action="/update-pet/<%= @pet.id %>">
  
app/views/pets/pet.erb:1
app/controllers/pets_controller.rb:13:in `get_pet_by_id'
Started GET "/get-pet/100" for ::1 at 2019-11-25 11:56:48 -0600
Processing by PetsController#get_pet_by_id as HTML
  Parameters: {"id"=>"100"}
  [1m[36mPet Load (0.2ms)[0m  [1m[34mSELECT "pets".* FROM "pets" WHERE "pets"."id" = ? LIMIT ?[0m  [["id", 100], ["LIMIT", 1]]
  ↳ app/controllers/pets_controller.rb:12:in `get_pet_by_id'
  Rendering pets/pet.erb
  [1m[36mOwner Load (0.1ms)[0m  [1m[34mSELECT "owners".* FROM "owners" WHERE "owners"."id" = ? LIMIT ?[0m  [["id", 3], ["LIMIT", 1]]
  ↳ app/views/pets/pet.erb:3
  [1m[36mOwner Load (0.1ms)[0m  [1m[34mSELECT "owners".* FROM "owners"[0m
  ↳ app/views/pets/pet.erb:16
  Rendered pets/pet.erb (Duration: 4.5ms | Allocations: 1265)
Completed 200 OK in 8ms (Views: 5.3ms | ActiveRecord: 0.5ms | Allocations: 2002)


Started POST "/update-pet/100" for ::1 at 2019-11-25 12:02:35 -0600
  [1m[35m (0.4ms)[0m  [1m[34mSELECT sqlite_version(*)[0m
  [1m[35m (0.2ms)[0m  [1m[34mSELECT "schema_migrations"."version" FROM "schema_migrations" ORDER BY "schema_migrations"."version" ASC[0m
Processing by PetsController#update as */*
  Parameters: {"pet"=>{"id"=>"101"}, "id"=>"100"}
  [1m[36mPet Load (0.1ms)[0m  [1m[34mSELECT "pets".* FROM "pets" WHERE "pets"."id" = ? LIMIT ?[0m  [["id", 100], ["LIMIT", 1]]
  ↳ app/controllers/pets_controller.rb:18:in `update'
Completed 500 Internal Server Error in 11ms (ActiveRecord: 0.7ms | Allocations: 4884)


  
ActiveModel::ForbiddenAttributesError (ActiveModel::ForbiddenAttributesError):
  
app/controllers/pets_controller.rb:19:in `update'
